<?xml version="1.0" encoding="UTF-8"?>
<testsuite xmlns:xsi="http://www.w3.org/2001/XMLSchema-instance" xsi:noNamespaceSchemaLocation="https://maven.apache.org/surefire/maven-surefire-plugin/xsd/surefire-test-report-3.0.xsd" version="3.0" name="RunCucumberTest" time="14.316" tests="2" errors="0" skipped="0" failures="0">
  <properties>
[...]
</properties>
  <testcase name="Uncheck a specific Lifecycle fund" classname="TSP Funds Navigation" time="6.996">
    <system-out><![CDATA[
Scenario: Uncheck a specific Lifecycle fund        &amp#27;[90m# features/TspFunds.feature:3&amp#27;[0m
  &amp#27;[32mGiven &amp#27;[0m&amp#27;[32mI navigate to the TSP Lifecycle funds page&amp#27;[0m &amp#27;[90m# StepDefinitions.navigateToTsp()&amp#27;[0m
>>> Toggling checkbox for: L 2035
  &amp#27;[32mWhen &amp#27;[0m&amp#27;[32mI uncheck the &amp#27;[0m&amp#27;[32m&amp#27;[1m"L 2035"&amp#27;[0m&amp#27;[32m fund checkbox&amp#27;[0m        &amp#27;[90m# StepDefinitions.uncheckSpecificFund(java.lang.String)&amp#27;[0m
Verification complete. Script closing...
  &amp#27;[32mThen &amp#27;[0m&amp#27;[32mthe script ends successfully&amp#27;[0m                &amp#27;[90m# StepDefinitions.endScript()&amp#27;[0m
]]></system-out>
    <system-err><![CDATA[SLF4J(W): No SLF4J providers were found.
SLF4J(W): Defaulting to no-operation (NOP) logger implementation
SLF4J(W): See https://www.slf4j.org/codes.html#noProviders for further details.
Apr 07, 2026 6:36:12 PM org.openqa.selenium.devtools.CdpVersionFinder findNearestMatch
WARNING: Unable to find CDP implementation matching 146
Apr 07, 2026 6:36:12 PM org.openqa.selenium.chromium.ChromiumDriver lambda$new$5
WARNING: Unable to find version of CDP to use for 146.0.7680.180. You may need to include a dependency on a specific version of the CDP using something similar to `org.seleniumhq.selenium:selenium-devtools-v86:4.18.1` where the version ("v86") matches the version of the chromium-based browser you're using and the version number of the artifact is the same as Selenium's.
]]></system-err>
  </testcase>
  <testcase name="Navigate to Annuity Calculator and start" classname="TSP Funds Navigation" time="7.232">
    <system-out><![CDATA[
Scenario: Navigate to Annuity Calculator and start &amp#27;[90m# features/TspFunds.feature:8&amp#27;[0m
  &amp#27;[32mGiven &amp#27;[0m&amp#27;[32mI navigate to the TSP homepage&amp#27;[0m             &amp#27;[90m# StepDefinitions.navigateToHomepage()&amp#27;[0m
  &amp#27;[32mAnd &amp#27;[0m&amp#27;[32mI go to the Annuity Calculator page&amp#27;[0m          &amp#27;[90m# StepDefinitions.navigateToAnnuityCalculator()&amp#27;[0m
>>> Clicked the Start button using aggressive discovery!
  &amp#27;[32mWhen &amp#27;[0m&amp#27;[32mI click the Start button&amp#27;[0m                    &amp#27;[90m# StepDefinitions.clickStart()&amp#27;[0m
  &amp#27;[32mAnd &amp#27;[0m&amp#27;[32mI enter &amp#27;[0m&amp#27;[32m&amp#27;[1m"70"&amp#27;[0m&amp#27;[32m for the age&amp#27;[0m                     &amp#27;[90m# StepDefinitions.enterAge(java.lang.String)&amp#27;[0m
>>> Entered Balance: 90000
  &amp#27;[32mAnd &amp#27;[0m&amp#27;[32mI enter &amp#27;[0m&amp#27;[32m&amp#27;[1m"90000"&amp#27;[0m&amp#27;[32m for the account balance&amp#27;[0m      &amp#27;[90m# StepDefinitions.enterBalance(java.lang.String)&amp#27;[0m
>>> Calculator started successfully.
  &amp#27;[32mThen &amp#27;[0m&amp#27;[32mthe calculator should be active&amp#27;[0m             &amp#27;[90m# StepDefinitions.verifyCalculatorActive()&amp#27;[0m
]]></system-out>
    <system-err><![CDATA[Apr 07, 2026 6:36:19 PM org.openqa.selenium.devtools.CdpVersionFinder findNearestMatch
WARNING: Unable to find CDP implementation matching 146
Apr 07, 2026 6:36:19 PM org.openqa.selenium.chromium.ChromiumDriver lambda$new$5
WARNING: Unable to find version of CDP to use for 146.0.7680.180. You may need to include a dependency on a specific version of the CDP using something similar to `org.seleniumhq.selenium:selenium-devtools-v86:4.18.1` where the version ("v86") matches the version of the chromium-based browser you're using and the version number of the artifact is the same as Selenium's.
]]></system-err>
  </testcase>
</testsuite>